<?xml version="1.0" encoding="UTF-8"?>
<testsuite name="RegistrationTest" tests="1" skipped="0" failures="0" errors="0" timestamp="2022-12-08T18:56:42" hostname="LAPTOP-VMDB1CS4" time="1.826">
  <properties/>
  <testcase name="registrationPositiveTest" classname="RegistrationTest" time="1.826"/>
  <system-out><![CDATA[]]></system-out>
  <system-err><![CDATA[]]></system-err>
</testsuite>
