<?xml version="1.0" encoding="UTF-8"?>
<testsuite name="LoginTest" tests="1" skipped="0" failures="0" errors="0" timestamp="2022-12-01T20:53:41" hostname="LAPTOP-VMDB1CS4" time="0.787">
  <properties/>
  <testcase name="loginPositiveTest" classname="LoginTest" time="0.787"/>
  <system-out><![CDATA[]]></system-out>
  <system-err><![CDATA[]]></system-err>
</testsuite>
