<?xml version="1.0" encoding="UTF-8"?>
<testsuite name="AddNewContact" tests="1" skipped="0" failures="0" errors="0" timestamp="2022-12-08T22:31:59" hostname="LAPTOP-VMDB1CS4" time="2.803">
  <properties/>
  <testcase name="addNewContactPositive" classname="AddNewContact" time="2.803"/>
  <system-out><![CDATA[]]></system-out>
  <system-err><![CDATA[]]></system-err>
</testsuite>
